[0228/004606.942:ERROR:crash_report_database_win.cc(469)] failed to stat report
[0228/004606.942:ERROR:crash_report_database_win.cc(469)] failed to stat report
[0228/004606.942:ERROR:crash_report_database_win.cc(469)] failed to stat report
[0228/004606.942:ERROR:crash_report_database_win.cc(469)] failed to stat report
[0228/004606.943:ERROR:crash_report_database_win.cc(469)] failed to stat report
[0228/004606.943:ERROR:crash_report_database_win.cc(469)] failed to stat report
[0228/004606.943:ERROR:crash_report_database_win.cc(469)] failed to stat report
[0228/004606.943:ERROR:crash_report_database_win.cc(469)] failed to stat report
[0228/004606.943:ERROR:crash_report_database_win.cc(469)] failed to stat report
[0228/004606.943:ERROR:crash_report_database_win.cc(469)] failed to stat report
[0228/004606.943:ERROR:crash_report_database_win.cc(469)] failed to stat report
[0228/004606.943:ERROR:crash_report_database_win.cc(469)] failed to stat report
[0228/004606.943:ERROR:crash_report_database_win.cc(469)] failed to stat report
[0228/004606.943:ERROR:crash_report_database_win.cc(469)] failed to stat report
[0228/004606.943:ERROR:crash_report_database_win.cc(469)] failed to stat report
[0228/103119.893:ERROR:crash_report_database_win.cc(469)] failed to stat report
[0228/103119.940:ERROR:crash_report_database_win.cc(469)] failed to stat report
[0228/103119.941:ERROR:crash_report_database_win.cc(469)] failed to stat report
[0228/103119.941:ERROR:crash_report_database_win.cc(469)] failed to stat report
[0228/103119.941:ERROR:crash_report_database_win.cc(469)] failed to stat report
[0228/103119.941:ERROR:crash_report_database_win.cc(469)] failed to stat report
[0228/103119.941:ERROR:crash_report_database_win.cc(469)] failed to stat report
[0228/103119.941:ERROR:crash_report_database_win.cc(469)] failed to stat report
[0228/103119.941:ERROR:crash_report_database_win.cc(469)] failed to stat report
[0228/103119.941:ERROR:crash_report_database_win.cc(469)] failed to stat report
[0228/103119.941:ERROR:crash_report_database_win.cc(469)] failed to stat report
[0228/103119.941:ERROR:crash_report_database_win.cc(469)] failed to stat report
[0228/103119.941:ERROR:crash_report_database_win.cc(469)] failed to stat report
[0228/103119.941:ERROR:crash_report_database_win.cc(469)] failed to stat report
[0228/103119.941:ERROR:crash_report_database_win.cc(469)] failed to stat report
[0229/153606.809:ERROR:crash_report_database_win.cc(469)] failed to stat report
[0229/153606.828:ERROR:crash_report_database_win.cc(469)] failed to stat report
[0229/153606.828:ERROR:crash_report_database_win.cc(469)] failed to stat report
[0229/153606.828:ERROR:crash_report_database_win.cc(469)] failed to stat report
[0229/153606.828:ERROR:crash_report_database_win.cc(469)] failed to stat report
[0229/153606.828:ERROR:crash_report_database_win.cc(469)] failed to stat report
[0229/153606.828:ERROR:crash_report_database_win.cc(469)] failed to stat report
[0229/153606.828:ERROR:crash_report_database_win.cc(469)] failed to stat report
[0229/153606.828:ERROR:crash_report_database_win.cc(469)] failed to stat report
[0229/153606.828:ERROR:crash_report_database_win.cc(469)] failed to stat report
[0229/153606.828:ERROR:crash_report_database_win.cc(469)] failed to stat report
[0229/153606.828:ERROR:crash_report_database_win.cc(469)] failed to stat report
[0229/153606.828:ERROR:crash_report_database_win.cc(469)] failed to stat report
[0229/153606.828:ERROR:crash_report_database_win.cc(469)] failed to stat report
[0229/153606.828:ERROR:crash_report_database_win.cc(469)] failed to stat report
[0229/154640.114:ERROR:crash_report_database_win.cc(469)] failed to stat report
[0229/154640.114:ERROR:crash_report_database_win.cc(469)] failed to stat report
[0229/154640.114:ERROR:crash_report_database_win.cc(469)] failed to stat report
[0229/154640.114:ERROR:crash_report_database_win.cc(469)] failed to stat report
[0229/154640.114:ERROR:crash_report_database_win.cc(469)] failed to stat report
[0229/154640.114:ERROR:crash_report_database_win.cc(469)] failed to stat report
[0229/154640.114:ERROR:crash_report_database_win.cc(469)] failed to stat report
[0229/154640.114:ERROR:crash_report_database_win.cc(469)] failed to stat report
[0229/154640.114:ERROR:crash_report_database_win.cc(469)] failed to stat report
[0229/154640.114:ERROR:crash_report_database_win.cc(469)] failed to stat report
[0229/154640.114:ERROR:crash_report_database_win.cc(469)] failed to stat report
[0229/154640.114:ERROR:crash_report_database_win.cc(469)] failed to stat report
[0229/154640.114:ERROR:crash_report_database_win.cc(469)] failed to stat report
[0229/154640.114:ERROR:crash_report_database_win.cc(469)] failed to stat report
[0229/154640.114:ERROR:crash_report_database_win.cc(469)] failed to stat report
[0229/155557.566:ERROR:crash_report_database_win.cc(469)] failed to stat report
[0229/155557.567:ERROR:crash_report_database_win.cc(469)] failed to stat report
[0229/155557.567:ERROR:crash_report_database_win.cc(469)] failed to stat report
[0229/155557.567:ERROR:crash_report_database_win.cc(469)] failed to stat report
[0229/155557.567:ERROR:crash_report_database_win.cc(469)] failed to stat report
[0229/155557.567:ERROR:crash_report_database_win.cc(469)] failed to stat report
[0229/155557.567:ERROR:crash_report_database_win.cc(469)] failed to stat report
[0229/155557.567:ERROR:crash_report_database_win.cc(469)] failed to stat report
[0229/155557.567:ERROR:crash_report_database_win.cc(469)] failed to stat report
[0229/155557.567:ERROR:crash_report_database_win.cc(469)] failed to stat report
[0229/155557.567:ERROR:crash_report_database_win.cc(469)] failed to stat report
[0229/155557.567:ERROR:crash_report_database_win.cc(469)] failed to stat report
[0229/155557.567:ERROR:crash_report_database_win.cc(469)] failed to stat report
[0229/155557.567:ERROR:crash_report_database_win.cc(469)] failed to stat report
[0229/155557.567:ERROR:crash_report_database_win.cc(469)] failed to stat report
[0301/144652.469:ERROR:crash_report_database_win.cc(469)] failed to stat report
[0301/144652.518:ERROR:crash_report_database_win.cc(469)] failed to stat report
[0301/144652.518:ERROR:crash_report_database_win.cc(469)] failed to stat report
[0301/144652.518:ERROR:crash_report_database_win.cc(469)] failed to stat report
[0301/144652.518:ERROR:crash_report_database_win.cc(469)] failed to stat report
[0301/144652.518:ERROR:crash_report_database_win.cc(469)] failed to stat report
[0301/144652.518:ERROR:crash_report_database_win.cc(469)] failed to stat report
[0301/144652.518:ERROR:crash_report_database_win.cc(469)] failed to stat report
[0301/144652.519:ERROR:crash_report_database_win.cc(469)] failed to stat report
[0301/144652.519:ERROR:crash_report_database_win.cc(469)] failed to stat report
[0301/144652.519:ERROR:crash_report_database_win.cc(469)] failed to stat report
[0301/144652.519:ERROR:crash_report_database_win.cc(469)] failed to stat report
[0301/144652.519:ERROR:crash_report_database_win.cc(469)] failed to stat report
[0301/144652.519:ERROR:crash_report_database_win.cc(469)] failed to stat report
[0301/144652.519:ERROR:crash_report_database_win.cc(469)] failed to stat report
[0301/152839.854:ERROR:crash_report_database_win.cc(469)] failed to stat report
[0301/152839.855:ERROR:crash_report_database_win.cc(469)] failed to stat report
[0301/152839.855:ERROR:crash_report_database_win.cc(469)] failed to stat report
[0301/152839.855:ERROR:crash_report_database_win.cc(469)] failed to stat report
[0301/152839.855:ERROR:crash_report_database_win.cc(469)] failed to stat report
[0301/152839.855:ERROR:crash_report_database_win.cc(469)] failed to stat report
[0301/152839.855:ERROR:crash_report_database_win.cc(469)] failed to stat report
[0301/152839.855:ERROR:crash_report_database_win.cc(469)] failed to stat report
[0301/152839.855:ERROR:crash_report_database_win.cc(469)] failed to stat report
[0301/152839.855:ERROR:crash_report_database_win.cc(469)] failed to stat report
[0301/152839.855:ERROR:crash_report_database_win.cc(469)] failed to stat report
[0301/152839.855:ERROR:crash_report_database_win.cc(469)] failed to stat report
[0301/152839.855:ERROR:crash_report_database_win.cc(469)] failed to stat report
[0301/152839.855:ERROR:crash_report_database_win.cc(469)] failed to stat report
[0301/152839.855:ERROR:crash_report_database_win.cc(469)] failed to stat report
[0302/010155.592:ERROR:crash_report_database_win.cc(469)] failed to stat report
[0302/010155.593:ERROR:crash_report_database_win.cc(469)] failed to stat report
[0302/010155.593:ERROR:crash_report_database_win.cc(469)] failed to stat report
[0302/010155.593:ERROR:crash_report_database_win.cc(469)] failed to stat report
[0302/010155.593:ERROR:crash_report_database_win.cc(469)] failed to stat report
[0302/010155.593:ERROR:crash_report_database_win.cc(469)] failed to stat report
[0302/010155.593:ERROR:crash_report_database_win.cc(469)] failed to stat report
[0302/010155.593:ERROR:crash_report_database_win.cc(469)] failed to stat report
[0302/010155.593:ERROR:crash_report_database_win.cc(469)] failed to stat report
[0302/010155.594:ERROR:crash_report_database_win.cc(469)] failed to stat report
[0302/010155.594:ERROR:crash_report_database_win.cc(469)] failed to stat report
[0302/010155.594:ERROR:crash_report_database_win.cc(469)] failed to stat report
[0302/010155.594:ERROR:crash_report_database_win.cc(469)] failed to stat report
[0302/010155.594:ERROR:crash_report_database_win.cc(469)] failed to stat report
[0302/010155.594:ERROR:crash_report_database_win.cc(469)] failed to stat report
[0302/012305.119:ERROR:crash_report_database_win.cc(469)] failed to stat report
[0302/012305.120:ERROR:crash_report_database_win.cc(469)] failed to stat report
[0302/012305.120:ERROR:crash_report_database_win.cc(469)] failed to stat report
[0302/012305.120:ERROR:crash_report_database_win.cc(469)] failed to stat report
[0302/012305.120:ERROR:crash_report_database_win.cc(469)] failed to stat report
[0302/012305.120:ERROR:crash_report_database_win.cc(469)] failed to stat report
[0302/012305.120:ERROR:crash_report_database_win.cc(469)] failed to stat report
[0302/012305.120:ERROR:crash_report_database_win.cc(469)] failed to stat report
[0302/012305.120:ERROR:crash_report_database_win.cc(469)] failed to stat report
[0302/012305.120:ERROR:crash_report_database_win.cc(469)] failed to stat report
[0302/012305.120:ERROR:crash_report_database_win.cc(469)] failed to stat report
[0302/012305.120:ERROR:crash_report_database_win.cc(469)] failed to stat report
[0302/012305.120:ERROR:crash_report_database_win.cc(469)] failed to stat report
[0302/012305.120:ERROR:crash_report_database_win.cc(469)] failed to stat report
[0302/012305.120:ERROR:crash_report_database_win.cc(469)] failed to stat report
[0302/030018.650:ERROR:crash_report_database_win.cc(469)] failed to stat report
[0302/030018.716:ERROR:crash_report_database_win.cc(469)] failed to stat report
[0302/030018.716:ERROR:crash_report_database_win.cc(469)] failed to stat report
[0302/030018.716:ERROR:crash_report_database_win.cc(469)] failed to stat report
[0302/030018.716:ERROR:crash_report_database_win.cc(469)] failed to stat report
[0302/030018.716:ERROR:crash_report_database_win.cc(469)] failed to stat report
[0302/030018.716:ERROR:crash_report_database_win.cc(469)] failed to stat report
[0302/030018.716:ERROR:crash_report_database_win.cc(469)] failed to stat report
[0302/030018.716:ERROR:crash_report_database_win.cc(469)] failed to stat report
[0302/030018.716:ERROR:crash_report_database_win.cc(469)] failed to stat report
[0302/030018.716:ERROR:crash_report_database_win.cc(469)] failed to stat report
[0302/030018.716:ERROR:crash_report_database_win.cc(469)] failed to stat report
[0302/030018.716:ERROR:crash_report_database_win.cc(469)] failed to stat report
[0302/030018.716:ERROR:crash_report_database_win.cc(469)] failed to stat report
[0302/030018.716:ERROR:crash_report_database_win.cc(469)] failed to stat report
[0302/031002.444:ERROR:crash_report_database_win.cc(469)] failed to stat report
[0302/031002.444:ERROR:crash_report_database_win.cc(469)] failed to stat report
[0302/031002.444:ERROR:crash_report_database_win.cc(469)] failed to stat report
[0302/031002.444:ERROR:crash_report_database_win.cc(469)] failed to stat report
[0302/031002.444:ERROR:crash_report_database_win.cc(469)] failed to stat report
[0302/031002.444:ERROR:crash_report_database_win.cc(469)] failed to stat report
[0302/031002.444:ERROR:crash_report_database_win.cc(469)] failed to stat report
[0302/031002.444:ERROR:crash_report_database_win.cc(469)] failed to stat report
[0302/031002.444:ERROR:crash_report_database_win.cc(469)] failed to stat report
[0302/031002.444:ERROR:crash_report_database_win.cc(469)] failed to stat report
[0302/031002.444:ERROR:crash_report_database_win.cc(469)] failed to stat report
[0302/031002.444:ERROR:crash_report_database_win.cc(469)] failed to stat report
[0302/031002.444:ERROR:crash_report_database_win.cc(469)] failed to stat report
[0302/031002.444:ERROR:crash_report_database_win.cc(469)] failed to stat report
[0302/031002.444:ERROR:crash_report_database_win.cc(469)] failed to stat report
[0302/101503.420:ERROR:crash_report_database_win.cc(469)] failed to stat report
[0302/101503.420:ERROR:crash_report_database_win.cc(469)] failed to stat report
[0302/101503.420:ERROR:crash_report_database_win.cc(469)] failed to stat report
[0302/101503.420:ERROR:crash_report_database_win.cc(469)] failed to stat report
[0302/101503.420:ERROR:crash_report_database_win.cc(469)] failed to stat report
[0302/101503.420:ERROR:crash_report_database_win.cc(469)] failed to stat report
[0302/101503.420:ERROR:crash_report_database_win.cc(469)] failed to stat report
[0302/101503.420:ERROR:crash_report_database_win.cc(469)] failed to stat report
[0302/101503.420:ERROR:crash_report_database_win.cc(469)] failed to stat report
[0302/101503.420:ERROR:crash_report_database_win.cc(469)] failed to stat report
[0302/101503.420:ERROR:crash_report_database_win.cc(469)] failed to stat report
[0302/101503.420:ERROR:crash_report_database_win.cc(469)] failed to stat report
[0302/101503.420:ERROR:crash_report_database_win.cc(469)] failed to stat report
[0302/101503.420:ERROR:crash_report_database_win.cc(469)] failed to stat report
[0302/101503.420:ERROR:crash_report_database_win.cc(469)] failed to stat report
[0302/121755.841:ERROR:crash_report_database_win.cc(469)] failed to stat report
[0302/121755.964:ERROR:crash_report_database_win.cc(469)] failed to stat report
[0302/121755.964:ERROR:crash_report_database_win.cc(469)] failed to stat report
[0302/121755.964:ERROR:crash_report_database_win.cc(469)] failed to stat report
[0302/121755.965:ERROR:crash_report_database_win.cc(469)] failed to stat report
[0302/121755.965:ERROR:crash_report_database_win.cc(469)] failed to stat report
[0302/121755.965:ERROR:crash_report_database_win.cc(469)] failed to stat report
[0302/121755.965:ERROR:crash_report_database_win.cc(469)] failed to stat report
[0302/121755.965:ERROR:crash_report_database_win.cc(469)] failed to stat report
[0302/121755.965:ERROR:crash_report_database_win.cc(469)] failed to stat report
[0302/121755.965:ERROR:crash_report_database_win.cc(469)] failed to stat report
[0302/121755.965:ERROR:crash_report_database_win.cc(469)] failed to stat report
[0302/121755.965:ERROR:crash_report_database_win.cc(469)] failed to stat report
[0302/121755.965:ERROR:crash_report_database_win.cc(469)] failed to stat report
[0302/121755.965:ERROR:crash_report_database_win.cc(469)] failed to stat report
[0303/153332.993:ERROR:crash_report_database_win.cc(469)] failed to stat report
[0303/153333.010:ERROR:crash_report_database_win.cc(469)] failed to stat report
[0303/153333.010:ERROR:crash_report_database_win.cc(469)] failed to stat report
[0303/153333.010:ERROR:crash_report_database_win.cc(469)] failed to stat report
[0303/153333.010:ERROR:crash_report_database_win.cc(469)] failed to stat report
[0303/153333.010:ERROR:crash_report_database_win.cc(469)] failed to stat report
[0303/153333.010:ERROR:crash_report_database_win.cc(469)] failed to stat report
[0303/153333.010:ERROR:crash_report_database_win.cc(469)] failed to stat report
[0303/153333.010:ERROR:crash_report_database_win.cc(469)] failed to stat report
[0303/153333.010:ERROR:crash_report_database_win.cc(469)] failed to stat report
[0303/153333.010:ERROR:crash_report_database_win.cc(469)] failed to stat report
[0303/153333.010:ERROR:crash_report_database_win.cc(469)] failed to stat report
[0303/153333.010:ERROR:crash_report_database_win.cc(469)] failed to stat report
[0303/153333.010:ERROR:crash_report_database_win.cc(469)] failed to stat report
[0303/153333.010:ERROR:crash_report_database_win.cc(469)] failed to stat report
[0304/002239.239:ERROR:crash_report_database_win.cc(469)] failed to stat report
[0304/002239.261:ERROR:crash_report_database_win.cc(469)] failed to stat report
[0304/002239.261:ERROR:crash_report_database_win.cc(469)] failed to stat report
[0304/002239.261:ERROR:crash_report_database_win.cc(469)] failed to stat report
[0304/002239.261:ERROR:crash_report_database_win.cc(469)] failed to stat report
[0304/002239.261:ERROR:crash_report_database_win.cc(469)] failed to stat report
[0304/002239.262:ERROR:crash_report_database_win.cc(469)] failed to stat report
[0304/002239.262:ERROR:crash_report_database_win.cc(469)] failed to stat report
[0304/002239.262:ERROR:crash_report_database_win.cc(469)] failed to stat report
[0304/002239.262:ERROR:crash_report_database_win.cc(469)] failed to stat report
[0304/002239.262:ERROR:crash_report_database_win.cc(469)] failed to stat report
[0304/002239.262:ERROR:crash_report_database_win.cc(469)] failed to stat report
[0304/002239.262:ERROR:crash_report_database_win.cc(469)] failed to stat report
[0304/002239.262:ERROR:crash_report_database_win.cc(469)] failed to stat report
[0304/002239.262:ERROR:crash_report_database_win.cc(469)] failed to stat report
[0304/002826.343:ERROR:crash_report_database_win.cc(469)] failed to stat report
[0304/002826.344:ERROR:crash_report_database_win.cc(469)] failed to stat report
[0304/002826.344:ERROR:crash_report_database_win.cc(469)] failed to stat report
[0304/002826.344:ERROR:crash_report_database_win.cc(469)] failed to stat report
[0304/002826.344:ERROR:crash_report_database_win.cc(469)] failed to stat report
[0304/002826.344:ERROR:crash_report_database_win.cc(469)] failed to stat report
[0304/002826.344:ERROR:crash_report_database_win.cc(469)] failed to stat report
[0304/002826.344:ERROR:crash_report_database_win.cc(469)] failed to stat report
[0304/002826.344:ERROR:crash_report_database_win.cc(469)] failed to stat report
[0304/002826.344:ERROR:crash_report_database_win.cc(469)] failed to stat report
[0304/002826.344:ERROR:crash_report_database_win.cc(469)] failed to stat report
[0304/002826.344:ERROR:crash_report_database_win.cc(469)] failed to stat report
[0304/002826.344:ERROR:crash_report_database_win.cc(469)] failed to stat report
[0304/002826.344:ERROR:crash_report_database_win.cc(469)] failed to stat report
[0304/002826.344:ERROR:crash_report_database_win.cc(469)] failed to stat report
[0304/010823.889:ERROR:crash_report_database_win.cc(469)] failed to stat report
[0304/010823.889:ERROR:crash_report_database_win.cc(469)] failed to stat report
[0304/010823.889:ERROR:crash_report_database_win.cc(469)] failed to stat report
[0304/010823.889:ERROR:crash_report_database_win.cc(469)] failed to stat report
[0304/010823.889:ERROR:crash_report_database_win.cc(469)] failed to stat report
[0304/010823.889:ERROR:crash_report_database_win.cc(469)] failed to stat report
[0304/010823.889:ERROR:crash_report_database_win.cc(469)] failed to stat report
[0304/010823.889:ERROR:crash_report_database_win.cc(469)] failed to stat report
[0304/010823.889:ERROR:crash_report_database_win.cc(469)] failed to stat report
[0304/010823.889:ERROR:crash_report_database_win.cc(469)] failed to stat report
[0304/010823.889:ERROR:crash_report_database_win.cc(469)] failed to stat report
[0304/010823.890:ERROR:crash_report_database_win.cc(469)] failed to stat report
[0304/010823.890:ERROR:crash_report_database_win.cc(469)] failed to stat report
[0304/010823.890:ERROR:crash_report_database_win.cc(469)] failed to stat report
[0304/010823.890:ERROR:crash_report_database_win.cc(469)] failed to stat report
[0304/014331.412:ERROR:crash_report_database_win.cc(469)] failed to stat report
[0304/014331.413:ERROR:crash_report_database_win.cc(469)] failed to stat report
[0304/014331.413:ERROR:crash_report_database_win.cc(469)] failed to stat report
[0304/014331.413:ERROR:crash_report_database_win.cc(469)] failed to stat report
[0304/014331.413:ERROR:crash_report_database_win.cc(469)] failed to stat report
[0304/014331.413:ERROR:crash_report_database_win.cc(469)] failed to stat report
[0304/014331.413:ERROR:crash_report_database_win.cc(469)] failed to stat report
[0304/014331.413:ERROR:crash_report_database_win.cc(469)] failed to stat report
[0304/014331.413:ERROR:crash_report_database_win.cc(469)] failed to stat report
[0304/014331.413:ERROR:crash_report_database_win.cc(469)] failed to stat report
[0304/014331.413:ERROR:crash_report_database_win.cc(469)] failed to stat report
[0304/014331.413:ERROR:crash_report_database_win.cc(469)] failed to stat report
[0304/014331.413:ERROR:crash_report_database_win.cc(469)] failed to stat report
[0304/014331.413:ERROR:crash_report_database_win.cc(469)] failed to stat report
[0304/014331.413:ERROR:crash_report_database_win.cc(469)] failed to stat report
[0304/132955.522:ERROR:crash_report_database_win.cc(469)] failed to stat report
[0304/132955.560:ERROR:crash_report_database_win.cc(469)] failed to stat report
[0304/132955.560:ERROR:crash_report_database_win.cc(469)] failed to stat report
[0304/132955.560:ERROR:crash_report_database_win.cc(469)] failed to stat report
[0304/132955.560:ERROR:crash_report_database_win.cc(469)] failed to stat report
[0304/132955.560:ERROR:crash_report_database_win.cc(469)] failed to stat report
[0304/132955.560:ERROR:crash_report_database_win.cc(469)] failed to stat report
[0304/132955.560:ERROR:crash_report_database_win.cc(469)] failed to stat report
[0304/132955.560:ERROR:crash_report_database_win.cc(469)] failed to stat report
[0304/132955.560:ERROR:crash_report_database_win.cc(469)] failed to stat report
[0304/132955.560:ERROR:crash_report_database_win.cc(469)] failed to stat report
[0304/132955.560:ERROR:crash_report_database_win.cc(469)] failed to stat report
[0304/132955.560:ERROR:crash_report_database_win.cc(469)] failed to stat report
[0304/132955.560:ERROR:crash_report_database_win.cc(469)] failed to stat report
[0304/132955.560:ERROR:crash_report_database_win.cc(469)] failed to stat report
[0304/145017.299:ERROR:crash_report_database_win.cc(469)] failed to stat report
[0304/145017.299:ERROR:crash_report_database_win.cc(469)] failed to stat report
[0304/145017.299:ERROR:crash_report_database_win.cc(469)] failed to stat report
[0304/145017.299:ERROR:crash_report_database_win.cc(469)] failed to stat report
[0304/145017.300:ERROR:crash_report_database_win.cc(469)] failed to stat report
[0304/145017.300:ERROR:crash_report_database_win.cc(469)] failed to stat report
[0304/145017.300:ERROR:crash_report_database_win.cc(469)] failed to stat report
[0304/145017.300:ERROR:crash_report_database_win.cc(469)] failed to stat report
[0304/145017.300:ERROR:crash_report_database_win.cc(469)] failed to stat report
[0304/145017.300:ERROR:crash_report_database_win.cc(469)] failed to stat report
[0304/145017.300:ERROR:crash_report_database_win.cc(469)] failed to stat report
[0304/145017.300:ERROR:crash_report_database_win.cc(469)] failed to stat report
[0304/145017.300:ERROR:crash_report_database_win.cc(469)] failed to stat report
[0304/145017.300:ERROR:crash_report_database_win.cc(469)] failed to stat report
[0304/145017.300:ERROR:crash_report_database_win.cc(469)] failed to stat report
<<<<<<< HEAD
[0305/105856.775:ERROR:crash_report_database_win.cc(469)] failed to stat report
[0305/105856.775:ERROR:crash_report_database_win.cc(469)] failed to stat report
[0305/105856.775:ERROR:crash_report_database_win.cc(469)] failed to stat report
[0305/105856.775:ERROR:crash_report_database_win.cc(469)] failed to stat report
[0305/105856.775:ERROR:crash_report_database_win.cc(469)] failed to stat report
[0305/105856.775:ERROR:crash_report_database_win.cc(469)] failed to stat report
[0305/105856.775:ERROR:crash_report_database_win.cc(469)] failed to stat report
[0305/105856.776:ERROR:crash_report_database_win.cc(469)] failed to stat report
[0305/105856.776:ERROR:crash_report_database_win.cc(469)] failed to stat report
[0305/105856.776:ERROR:crash_report_database_win.cc(469)] failed to stat report
[0305/105856.776:ERROR:crash_report_database_win.cc(469)] failed to stat report
[0305/105856.776:ERROR:crash_report_database_win.cc(469)] failed to stat report
[0305/105856.776:ERROR:crash_report_database_win.cc(469)] failed to stat report
[0305/105856.776:ERROR:crash_report_database_win.cc(469)] failed to stat report
[0305/105856.776:ERROR:crash_report_database_win.cc(469)] failed to stat report
=======
[0304/162714.589:ERROR:crash_report_database_win.cc(469)] failed to stat report
[0304/162714.590:ERROR:crash_report_database_win.cc(469)] failed to stat report
[0304/162714.590:ERROR:crash_report_database_win.cc(469)] failed to stat report
[0304/162714.590:ERROR:crash_report_database_win.cc(469)] failed to stat report
[0304/162714.590:ERROR:crash_report_database_win.cc(469)] failed to stat report
[0304/162714.590:ERROR:crash_report_database_win.cc(469)] failed to stat report
[0304/162714.590:ERROR:crash_report_database_win.cc(469)] failed to stat report
[0304/162714.590:ERROR:crash_report_database_win.cc(469)] failed to stat report
[0304/162714.590:ERROR:crash_report_database_win.cc(469)] failed to stat report
[0304/162714.590:ERROR:crash_report_database_win.cc(469)] failed to stat report
[0304/162714.590:ERROR:crash_report_database_win.cc(469)] failed to stat report
[0304/162714.591:ERROR:crash_report_database_win.cc(469)] failed to stat report
[0304/162714.591:ERROR:crash_report_database_win.cc(469)] failed to stat report
[0304/162714.591:ERROR:crash_report_database_win.cc(469)] failed to stat report
[0304/162714.591:ERROR:crash_report_database_win.cc(469)] failed to stat report
>>>>>>> master
[0305/110522.472:ERROR:crash_report_database_win.cc(469)] failed to stat report
[0305/110522.472:ERROR:crash_report_database_win.cc(469)] failed to stat report
[0305/110522.472:ERROR:crash_report_database_win.cc(469)] failed to stat report
[0305/110522.472:ERROR:crash_report_database_win.cc(469)] failed to stat report
[0305/110522.472:ERROR:crash_report_database_win.cc(469)] failed to stat report
[0305/110522.472:ERROR:crash_report_database_win.cc(469)] failed to stat report
[0305/110522.472:ERROR:crash_report_database_win.cc(469)] failed to stat report
[0305/110522.472:ERROR:crash_report_database_win.cc(469)] failed to stat report
[0305/110522.472:ERROR:crash_report_database_win.cc(469)] failed to stat report
[0305/110522.472:ERROR:crash_report_database_win.cc(469)] failed to stat report
[0305/110522.472:ERROR:crash_report_database_win.cc(469)] failed to stat report
[0305/110522.472:ERROR:crash_report_database_win.cc(469)] failed to stat report
[0305/110522.472:ERROR:crash_report_database_win.cc(469)] failed to stat report
[0305/110522.472:ERROR:crash_report_database_win.cc(469)] failed to stat report
[0305/110522.473:ERROR:crash_report_database_win.cc(469)] failed to stat report
[0305/135805.654:ERROR:crash_report_database_win.cc(469)] failed to stat report
[0305/135805.654:ERROR:crash_report_database_win.cc(469)] failed to stat report
[0305/135805.655:ERROR:crash_report_database_win.cc(469)] failed to stat report
[0305/135805.655:ERROR:crash_report_database_win.cc(469)] failed to stat report
[0305/135805.655:ERROR:crash_report_database_win.cc(469)] failed to stat report
[0305/135805.655:ERROR:crash_report_database_win.cc(469)] failed to stat report
[0305/135805.655:ERROR:crash_report_database_win.cc(469)] failed to stat report
[0305/135805.655:ERROR:crash_report_database_win.cc(469)] failed to stat report
[0305/135805.655:ERROR:crash_report_database_win.cc(469)] failed to stat report
[0305/135805.655:ERROR:crash_report_database_win.cc(469)] failed to stat report
[0305/135805.655:ERROR:crash_report_database_win.cc(469)] failed to stat report
[0305/135805.655:ERROR:crash_report_database_win.cc(469)] failed to stat report
[0305/135805.655:ERROR:crash_report_database_win.cc(469)] failed to stat report
[0305/135805.655:ERROR:crash_report_database_win.cc(469)] failed to stat report
[0305/135805.655:ERROR:crash_report_database_win.cc(469)] failed to stat report
[0305/155901.774:ERROR:crash_report_database_win.cc(469)] failed to stat report
[0305/155901.776:ERROR:crash_report_database_win.cc(469)] failed to stat report
[0305/155901.776:ERROR:crash_report_database_win.cc(469)] failed to stat report
[0305/155901.776:ERROR:crash_report_database_win.cc(469)] failed to stat report
[0305/155901.776:ERROR:crash_report_database_win.cc(469)] failed to stat report
[0305/155901.776:ERROR:crash_report_database_win.cc(469)] failed to stat report
[0305/155901.776:ERROR:crash_report_database_win.cc(469)] failed to stat report
[0305/155901.776:ERROR:crash_report_database_win.cc(469)] failed to stat report
[0305/155901.776:ERROR:crash_report_database_win.cc(469)] failed to stat report
[0305/155901.776:ERROR:crash_report_database_win.cc(469)] failed to stat report
[0305/155901.776:ERROR:crash_report_database_win.cc(469)] failed to stat report
[0305/155901.776:ERROR:crash_report_database_win.cc(469)] failed to stat report
[0305/155901.776:ERROR:crash_report_database_win.cc(469)] failed to stat report
[0305/155901.776:ERROR:crash_report_database_win.cc(469)] failed to stat report
[0305/155901.776:ERROR:crash_report_database_win.cc(469)] failed to stat report
[0305/160256.662:ERROR:crash_report_database_win.cc(469)] failed to stat report
[0305/160256.664:ERROR:crash_report_database_win.cc(469)] failed to stat report
[0305/160256.664:ERROR:crash_report_database_win.cc(469)] failed to stat report
[0305/160256.664:ERROR:crash_report_database_win.cc(469)] failed to stat report
[0305/160256.664:ERROR:crash_report_database_win.cc(469)] failed to stat report
[0305/160256.664:ERROR:crash_report_database_win.cc(469)] failed to stat report
[0305/160256.664:ERROR:crash_report_database_win.cc(469)] failed to stat report
[0305/160256.664:ERROR:crash_report_database_win.cc(469)] failed to stat report
[0305/160256.665:ERROR:crash_report_database_win.cc(469)] failed to stat report
[0305/160256.665:ERROR:crash_report_database_win.cc(469)] failed to stat report
[0305/160256.665:ERROR:crash_report_database_win.cc(469)] failed to stat report
[0305/160256.665:ERROR:crash_report_database_win.cc(469)] failed to stat report
[0305/160256.665:ERROR:crash_report_database_win.cc(469)] failed to stat report
[0305/160256.665:ERROR:crash_report_database_win.cc(469)] failed to stat report
[0305/160256.665:ERROR:crash_report_database_win.cc(469)] failed to stat report
[0306/135809.285:ERROR:crash_report_database_win.cc(469)] failed to stat report
[0306/135809.285:ERROR:crash_report_database_win.cc(469)] failed to stat report
[0306/135809.285:ERROR:crash_report_database_win.cc(469)] failed to stat report
[0306/135809.285:ERROR:crash_report_database_win.cc(469)] failed to stat report
[0306/135809.285:ERROR:crash_report_database_win.cc(469)] failed to stat report
[0306/135809.285:ERROR:crash_report_database_win.cc(469)] failed to stat report
[0306/135809.285:ERROR:crash_report_database_win.cc(469)] failed to stat report
[0306/135809.285:ERROR:crash_report_database_win.cc(469)] failed to stat report
[0306/135809.285:ERROR:crash_report_database_win.cc(469)] failed to stat report
[0306/135809.285:ERROR:crash_report_database_win.cc(469)] failed to stat report
[0306/135809.285:ERROR:crash_report_database_win.cc(469)] failed to stat report
[0306/135809.285:ERROR:crash_report_database_win.cc(469)] failed to stat report
[0306/135809.285:ERROR:crash_report_database_win.cc(469)] failed to stat report
[0306/135809.285:ERROR:crash_report_database_win.cc(469)] failed to stat report
[0306/135809.285:ERROR:crash_report_database_win.cc(469)] failed to stat report
[0306/140120.887:ERROR:crash_report_database_win.cc(469)] failed to stat report
[0306/140120.888:ERROR:crash_report_database_win.cc(469)] failed to stat report
[0306/140120.888:ERROR:crash_report_database_win.cc(469)] failed to stat report
[0306/140120.888:ERROR:crash_report_database_win.cc(469)] failed to stat report
[0306/140120.888:ERROR:crash_report_database_win.cc(469)] failed to stat report
[0306/140120.888:ERROR:crash_report_database_win.cc(469)] failed to stat report
[0306/140120.888:ERROR:crash_report_database_win.cc(469)] failed to stat report
[0306/140120.888:ERROR:crash_report_database_win.cc(469)] failed to stat report
[0306/140120.888:ERROR:crash_report_database_win.cc(469)] failed to stat report
[0306/140120.888:ERROR:crash_report_database_win.cc(469)] failed to stat report
[0306/140120.888:ERROR:crash_report_database_win.cc(469)] failed to stat report
[0306/140120.888:ERROR:crash_report_database_win.cc(469)] failed to stat report
[0306/140120.888:ERROR:crash_report_database_win.cc(469)] failed to stat report
[0306/140120.888:ERROR:crash_report_database_win.cc(469)] failed to stat report
[0306/140120.888:ERROR:crash_report_database_win.cc(469)] failed to stat report
[0306/142552.470:ERROR:crash_report_database_win.cc(469)] failed to stat report
[0306/142552.470:ERROR:crash_report_database_win.cc(469)] failed to stat report
[0306/142552.470:ERROR:crash_report_database_win.cc(469)] failed to stat report
[0306/142552.470:ERROR:crash_report_database_win.cc(469)] failed to stat report
[0306/142552.470:ERROR:crash_report_database_win.cc(469)] failed to stat report
[0306/142552.470:ERROR:crash_report_database_win.cc(469)] failed to stat report
[0306/142552.470:ERROR:crash_report_database_win.cc(469)] failed to stat report
[0306/142552.471:ERROR:crash_report_database_win.cc(469)] failed to stat report
[0306/142552.471:ERROR:crash_report_database_win.cc(469)] failed to stat report
[0306/142552.471:ERROR:crash_report_database_win.cc(469)] failed to stat report
[0306/142552.471:ERROR:crash_report_database_win.cc(469)] failed to stat report
[0306/142552.471:ERROR:crash_report_database_win.cc(469)] failed to stat report
[0306/142552.471:ERROR:crash_report_database_win.cc(469)] failed to stat report
[0306/142552.471:ERROR:crash_report_database_win.cc(469)] failed to stat report
[0306/142552.471:ERROR:crash_report_database_win.cc(469)] failed to stat report
[0306/144204.214:ERROR:crash_report_database_win.cc(469)] failed to stat report
[0306/144204.215:ERROR:crash_report_database_win.cc(469)] failed to stat report
[0306/144204.215:ERROR:crash_report_database_win.cc(469)] failed to stat report
[0306/144204.215:ERROR:crash_report_database_win.cc(469)] failed to stat report
[0306/144204.215:ERROR:crash_report_database_win.cc(469)] failed to stat report
[0306/144204.215:ERROR:crash_report_database_win.cc(469)] failed to stat report
[0306/144204.215:ERROR:crash_report_database_win.cc(469)] failed to stat report
[0306/144204.215:ERROR:crash_report_database_win.cc(469)] failed to stat report
[0306/144204.215:ERROR:crash_report_database_win.cc(469)] failed to stat report
[0306/144204.215:ERROR:crash_report_database_win.cc(469)] failed to stat report
[0306/144204.215:ERROR:crash_report_database_win.cc(469)] failed to stat report
[0306/144204.215:ERROR:crash_report_database_win.cc(469)] failed to stat report
[0306/144204.215:ERROR:crash_report_database_win.cc(469)] failed to stat report
[0306/144204.215:ERROR:crash_report_database_win.cc(469)] failed to stat report
[0306/144204.215:ERROR:crash_report_database_win.cc(469)] failed to stat report
[0307/001016.034:ERROR:crash_report_database_win.cc(469)] failed to stat report
[0307/001016.048:ERROR:crash_report_database_win.cc(469)] failed to stat report
[0307/001016.048:ERROR:crash_report_database_win.cc(469)] failed to stat report
[0307/001016.049:ERROR:crash_report_database_win.cc(469)] failed to stat report
[0307/001016.049:ERROR:crash_report_database_win.cc(469)] failed to stat report
[0307/001016.049:ERROR:crash_report_database_win.cc(469)] failed to stat report
[0307/001016.049:ERROR:crash_report_database_win.cc(469)] failed to stat report
[0307/001016.049:ERROR:crash_report_database_win.cc(469)] failed to stat report
[0307/001016.049:ERROR:crash_report_database_win.cc(469)] failed to stat report
[0307/001016.049:ERROR:crash_report_database_win.cc(469)] failed to stat report
[0307/001016.049:ERROR:crash_report_database_win.cc(469)] failed to stat report
[0307/001016.049:ERROR:crash_report_database_win.cc(469)] failed to stat report
[0307/001016.049:ERROR:crash_report_database_win.cc(469)] failed to stat report
[0307/001016.049:ERROR:crash_report_database_win.cc(469)] failed to stat report
[0307/001016.049:ERROR:crash_report_database_win.cc(469)] failed to stat report
[0307/134806.958:ERROR:crash_report_database_win.cc(469)] failed to stat report
[0307/134806.958:ERROR:crash_report_database_win.cc(469)] failed to stat report
[0307/134806.958:ERROR:crash_report_database_win.cc(469)] failed to stat report
[0307/134806.958:ERROR:crash_report_database_win.cc(469)] failed to stat report
[0307/134806.958:ERROR:crash_report_database_win.cc(469)] failed to stat report
[0307/134806.958:ERROR:crash_report_database_win.cc(469)] failed to stat report
[0307/134806.958:ERROR:crash_report_database_win.cc(469)] failed to stat report
[0307/134806.958:ERROR:crash_report_database_win.cc(469)] failed to stat report
[0307/134806.958:ERROR:crash_report_database_win.cc(469)] failed to stat report
[0307/134806.958:ERROR:crash_report_database_win.cc(469)] failed to stat report
[0307/134806.958:ERROR:crash_report_database_win.cc(469)] failed to stat report
[0307/134806.958:ERROR:crash_report_database_win.cc(469)] failed to stat report
[0307/134806.958:ERROR:crash_report_database_win.cc(469)] failed to stat report
[0307/134806.958:ERROR:crash_report_database_win.cc(469)] failed to stat report
[0307/134806.959:ERROR:crash_report_database_win.cc(469)] failed to stat report
[0307/154920.866:ERROR:crash_report_database_win.cc(469)] failed to stat report
[0307/154920.914:ERROR:crash_report_database_win.cc(469)] failed to stat report
[0307/154920.915:ERROR:crash_report_database_win.cc(469)] failed to stat report
[0307/154920.915:ERROR:crash_report_database_win.cc(469)] failed to stat report
[0307/154920.915:ERROR:crash_report_database_win.cc(469)] failed to stat report
[0307/154920.915:ERROR:crash_report_database_win.cc(469)] failed to stat report
[0307/154920.915:ERROR:crash_report_database_win.cc(469)] failed to stat report
[0307/154920.915:ERROR:crash_report_database_win.cc(469)] failed to stat report
[0307/154920.915:ERROR:crash_report_database_win.cc(469)] failed to stat report
[0307/154920.915:ERROR:crash_report_database_win.cc(469)] failed to stat report
[0307/154920.915:ERROR:crash_report_database_win.cc(469)] failed to stat report
[0307/154920.915:ERROR:crash_report_database_win.cc(469)] failed to stat report
[0307/154920.915:ERROR:crash_report_database_win.cc(469)] failed to stat report
[0307/154920.915:ERROR:crash_report_database_win.cc(469)] failed to stat report
[0307/154920.915:ERROR:crash_report_database_win.cc(469)] failed to stat report
[0307/173918.176:ERROR:crash_report_database_win.cc(469)] failed to stat report
[0307/173918.176:ERROR:crash_report_database_win.cc(469)] failed to stat report
[0307/173918.176:ERROR:crash_report_database_win.cc(469)] failed to stat report
[0307/173918.176:ERROR:crash_report_database_win.cc(469)] failed to stat report
[0307/173918.176:ERROR:crash_report_database_win.cc(469)] failed to stat report
[0307/173918.176:ERROR:crash_report_database_win.cc(469)] failed to stat report
[0307/173918.176:ERROR:crash_report_database_win.cc(469)] failed to stat report
[0307/173918.176:ERROR:crash_report_database_win.cc(469)] failed to stat report
[0307/173918.176:ERROR:crash_report_database_win.cc(469)] failed to stat report
[0307/173918.176:ERROR:crash_report_database_win.cc(469)] failed to stat report
[0307/173918.176:ERROR:crash_report_database_win.cc(469)] failed to stat report
[0307/173918.176:ERROR:crash_report_database_win.cc(469)] failed to stat report
[0307/173918.176:ERROR:crash_report_database_win.cc(469)] failed to stat report
[0307/173918.177:ERROR:crash_report_database_win.cc(469)] failed to stat report
[0307/173918.177:ERROR:crash_report_database_win.cc(469)] failed to stat report
[0308/012544.542:ERROR:crash_report_database_win.cc(469)] failed to stat report
[0308/012544.578:ERROR:crash_report_database_win.cc(469)] failed to stat report
[0308/012544.578:ERROR:crash_report_database_win.cc(469)] failed to stat report
[0308/012544.578:ERROR:crash_report_database_win.cc(469)] failed to stat report
[0308/012544.578:ERROR:crash_report_database_win.cc(469)] failed to stat report
[0308/012544.578:ERROR:crash_report_database_win.cc(469)] failed to stat report
[0308/012544.578:ERROR:crash_report_database_win.cc(469)] failed to stat report
[0308/012544.578:ERROR:crash_report_database_win.cc(469)] failed to stat report
[0308/012544.578:ERROR:crash_report_database_win.cc(469)] failed to stat report
[0308/012544.578:ERROR:crash_report_database_win.cc(469)] failed to stat report
[0308/012544.578:ERROR:crash_report_database_win.cc(469)] failed to stat report
[0308/012544.578:ERROR:crash_report_database_win.cc(469)] failed to stat report
[0308/012544.578:ERROR:crash_report_database_win.cc(469)] failed to stat report
[0308/012544.578:ERROR:crash_report_database_win.cc(469)] failed to stat report
[0308/012544.578:ERROR:crash_report_database_win.cc(469)] failed to stat report
[0313/003046.078:ERROR:crash_report_database_win.cc(469)] failed to stat report
[0313/003046.161:ERROR:crash_report_database_win.cc(469)] failed to stat report
[0313/003046.162:ERROR:crash_report_database_win.cc(469)] failed to stat report
[0313/003046.162:ERROR:crash_report_database_win.cc(469)] failed to stat report
[0313/003046.162:ERROR:crash_report_database_win.cc(469)] failed to stat report
[0313/003046.162:ERROR:crash_report_database_win.cc(469)] failed to stat report
[0313/003046.162:ERROR:crash_report_database_win.cc(469)] failed to stat report
[0313/003046.162:ERROR:crash_report_database_win.cc(469)] failed to stat report
[0313/003046.162:ERROR:crash_report_database_win.cc(469)] failed to stat report
[0313/003046.162:ERROR:crash_report_database_win.cc(469)] failed to stat report
[0313/003046.162:ERROR:crash_report_database_win.cc(469)] failed to stat report
[0313/003046.162:ERROR:crash_report_database_win.cc(469)] failed to stat report
[0313/003046.162:ERROR:crash_report_database_win.cc(469)] failed to stat report
[0313/003046.163:ERROR:crash_report_database_win.cc(469)] failed to stat report
[0313/003046.163:ERROR:crash_report_database_win.cc(469)] failed to stat report
[0313/015003.426:ERROR:crash_report_database_win.cc(469)] failed to stat report
[0313/015003.426:ERROR:crash_report_database_win.cc(469)] failed to stat report
[0313/015003.426:ERROR:crash_report_database_win.cc(469)] failed to stat report
[0313/015003.426:ERROR:crash_report_database_win.cc(469)] failed to stat report
[0313/015003.426:ERROR:crash_report_database_win.cc(469)] failed to stat report
[0313/015003.426:ERROR:crash_report_database_win.cc(469)] failed to stat report
[0313/015003.426:ERROR:crash_report_database_win.cc(469)] failed to stat report
[0313/015003.426:ERROR:crash_report_database_win.cc(469)] failed to stat report
[0313/015003.427:ERROR:crash_report_database_win.cc(469)] failed to stat report
[0313/015003.427:ERROR:crash_report_database_win.cc(469)] failed to stat report
[0313/015003.427:ERROR:crash_report_database_win.cc(469)] failed to stat report
[0313/015003.427:ERROR:crash_report_database_win.cc(469)] failed to stat report
[0313/015003.427:ERROR:crash_report_database_win.cc(469)] failed to stat report
[0313/015003.427:ERROR:crash_report_database_win.cc(469)] failed to stat report
[0313/015003.427:ERROR:crash_report_database_win.cc(469)] failed to stat report
[0313/122552.248:ERROR:crash_report_database_win.cc(469)] failed to stat report
[0313/122552.249:ERROR:crash_report_database_win.cc(469)] failed to stat report
[0313/122552.249:ERROR:crash_report_database_win.cc(469)] failed to stat report
[0313/122552.249:ERROR:crash_report_database_win.cc(469)] failed to stat report
[0313/122552.249:ERROR:crash_report_database_win.cc(469)] failed to stat report
[0313/122552.249:ERROR:crash_report_database_win.cc(469)] failed to stat report
[0313/122552.249:ERROR:crash_report_database_win.cc(469)] failed to stat report
[0313/122552.249:ERROR:crash_report_database_win.cc(469)] failed to stat report
[0313/122552.249:ERROR:crash_report_database_win.cc(469)] failed to stat report
[0313/122552.249:ERROR:crash_report_database_win.cc(469)] failed to stat report
[0313/122552.249:ERROR:crash_report_database_win.cc(469)] failed to stat report
[0313/122552.249:ERROR:crash_report_database_win.cc(469)] failed to stat report
[0313/122552.249:ERROR:crash_report_database_win.cc(469)] failed to stat report
[0313/122552.249:ERROR:crash_report_database_win.cc(469)] failed to stat report
[0313/122552.249:ERROR:crash_report_database_win.cc(469)] failed to stat report
[0313/131543.041:ERROR:crash_report_database_win.cc(469)] failed to stat report
[0313/131543.041:ERROR:crash_report_database_win.cc(469)] failed to stat report
[0313/131543.041:ERROR:crash_report_database_win.cc(469)] failed to stat report
[0313/131543.041:ERROR:crash_report_database_win.cc(469)] failed to stat report
[0313/131543.041:ERROR:crash_report_database_win.cc(469)] failed to stat report
[0313/131543.041:ERROR:crash_report_database_win.cc(469)] failed to stat report
[0313/131543.041:ERROR:crash_report_database_win.cc(469)] failed to stat report
[0313/131543.041:ERROR:crash_report_database_win.cc(469)] failed to stat report
[0313/131543.041:ERROR:crash_report_database_win.cc(469)] failed to stat report
[0313/131543.041:ERROR:crash_report_database_win.cc(469)] failed to stat report
[0313/131543.042:ERROR:crash_report_database_win.cc(469)] failed to stat report
[0313/131543.042:ERROR:crash_report_database_win.cc(469)] failed to stat report
[0313/131543.042:ERROR:crash_report_database_win.cc(469)] failed to stat report
[0313/131543.042:ERROR:crash_report_database_win.cc(469)] failed to stat report
[0313/131543.042:ERROR:crash_report_database_win.cc(469)] failed to stat report
